<?xml version="1.0" encoding="UTF-8"?>
<!-- Generated by org.testng.reporters.JUnitXMLReporter -->
<testsuite ignored="0" hostname="LAPTOP-GELQ885S" failures="0" tests="4" name="Default test" time="11.113" errors="0" timestamp="2023-07-24T22:07:27 IST">
  <testcase classname="api.tests.Usertests" name="TestPostUser" time="3.837"/>
  <testcase classname="api.tests.Usertests" name="TestGetUserbyName" time="1.88"/>
  <testcase classname="api.tests.Usertests" name="TestUpdateUserbyName" time="3.406"/>
  <testcase classname="api.tests.Usertests" name="TestDeleteUserbyName" time="1.745"/>
</testsuite> <!-- Default test -->
