<?xml version="1.0" encoding="UTF-8"?>
<!-- Generated by org.testng.reporters.JUnitXMLReporter -->
<testsuite ignored="0" hostname="LAPTOP-GELQ885S" failures="0" tests="4" name="Test" time="12.392" errors="0" timestamp="2023-07-24T22:08:43 IST">
  <testcase classname="api.tests.Usertests" name="TestPostUser" time="3.888"/>
  <testcase classname="api.tests.Usertests" name="TestGetUserbyName" time="1.937"/>
  <testcase classname="api.tests.Usertests" name="TestUpdateUserbyName" time="4.426"/>
  <testcase classname="api.tests.Usertests" name="TestDeleteUserbyName" time="1.922"/>
</testsuite> <!-- Test -->
