<?xml version="1.0" encoding="UTF-8"?>
<testng-results ignored="0" total="4" passed="4" failed="0" skipped="0">
  <reporter-output>
  </reporter-output>
  <suite started-at="2023-07-24T22:08:31 IST" name="Suite" finished-at="2023-07-24T22:08:43 IST" duration-ms="12392">
    <groups>
    </groups>
    <test started-at="2023-07-24T22:08:31 IST" name="Test" finished-at="2023-07-24T22:08:43 IST" duration-ms="12392">
      <class name="api.tests.Usertests">
        <test-method is-config="true" signature="SetupData()[pri:0, instance:api.tests.Usertests@614ca7df]" started-at="2023-07-24T22:08:31 IST" name="SetupData" finished-at="2023-07-24T22:08:31 IST" duration-ms="179" status="PASS">
          <reporter-output>
          </reporter-output>
        </test-method> <!-- SetupData -->
        <test-method signature="TestPostUser()[pri:1, instance:api.tests.Usertests@614ca7df]" started-at="2023-07-24T22:08:31 IST" name="TestPostUser" finished-at="2023-07-24T22:08:35 IST" duration-ms="3888" status="PASS">
          <reporter-output>
          </reporter-output>
        </test-method> <!-- TestPostUser -->
        <test-method signature="TestGetUserbyName()[pri:2, instance:api.tests.Usertests@614ca7df]" started-at="2023-07-24T22:08:35 IST" name="TestGetUserbyName" finished-at="2023-07-24T22:08:37 IST" duration-ms="1937" status="PASS">
          <reporter-output>
          </reporter-output>
        </test-method> <!-- TestGetUserbyName -->
        <test-method signature="TestUpdateUserbyName()[pri:3, instance:api.tests.Usertests@614ca7df]" started-at="2023-07-24T22:08:37 IST" name="TestUpdateUserbyName" finished-at="2023-07-24T22:08:41 IST" duration-ms="4426" status="PASS">
          <reporter-output>
          </reporter-output>
        </test-method> <!-- TestUpdateUserbyName -->
        <test-method signature="TestDeleteUserbyName()[pri:4, instance:api.tests.Usertests@614ca7df]" started-at="2023-07-24T22:08:41 IST" name="TestDeleteUserbyName" finished-at="2023-07-24T22:08:43 IST" duration-ms="1922" status="PASS">
          <reporter-output>
          </reporter-output>
        </test-method> <!-- TestDeleteUserbyName -->
      </class> <!-- api.tests.Usertests -->
    </test> <!-- Test -->
  </suite> <!-- Suite -->
</testng-results>
