<?xml version="1.0" encoding="UTF-8"?>
<!-- Generated by org.testng.reporters.JUnitReportReporter -->
<testsuite hostname="LAPTOP-GELQ885S" failures="0" tests="4" name="api.tests.Usertests" time="12.173" errors="0" timestamp="2023-07-24T22:08:43 IST" skipped="0">
  <testcase classname="api.tests.Usertests" name="TestPostUser" time="3.888"/>
  <system-out/>
  <testcase classname="api.tests.Usertests" name="TestGetUserbyName" time="1.937"/>
  <system-out/>
  <testcase classname="api.tests.Usertests" name="TestUpdateUserbyName" time="4.426"/>
  <system-out/>
  <testcase classname="api.tests.Usertests" name="TestDeleteUserbyName" time="1.922"/>
  <system-out/>
</testsuite> <!-- api.tests.Usertests -->
